#
# There is insufficient memory for the Java Runtime Environment to continue.
# Native memory allocation (mmap) failed to map 67108864 bytes for G1 virtual space
# Possible reasons:
#   The system is out of physical RAM or swap space
#   The process is running with CompressedOops enabled, and the Java Heap may be blocking the growth of the native heap
# Possible solutions:
#   Reduce memory load on the system
#   Increase physical memory or swap space
#   Check if swap backing store is full
#   Decrease Java heap size (-Xmx/-Xms)
#   Decrease number of Java threads
#   Decrease Java thread stack sizes (-Xss)
#   Set larger code cache with -XX:ReservedCodeCacheSize=
#   JVM is running with Unscaled Compressed Oops mode in which the Java heap is
#     placed in the first 4GB address space. The Java Heap base address is the
#     maximum limit for the native heap growth. Please use -XX:HeapBaseMinAddress
#     to set the Java Heap base and to place the Java Heap above 4GB virtual address.
# This output file may be truncated or incomplete.
#
#  Out of Memory Error (os_windows.cpp:3532), pid=2584, tid=6772
#
# JRE version:  (17.0.2+8) (build )
# Java VM: OpenJDK 64-Bit Server VM (17.0.2+8-86, mixed mode, sharing, tiered, compressed oops, compressed class ptrs, g1 gc, windows-amd64)
# No core dump will be written. Minidumps are not enabled by default on client versions of Windows
#

---------------  S U M M A R Y ------------

Command Line: -javaagent:C:\Program Files\JetBrains\IntelliJ IDEA Community Edition 2021.3.1\lib\idea_rt.jar=56148:C:\Program Files\JetBrains\IntelliJ IDEA Community Edition 2021.3.1\bin -Dfile.encoding=UTF-8 Concatenator

Host: Intel(R) Core(TM) i7-8850H CPU @ 2.60GHz, 6 cores, 3G,  Windows 10 , 64 bit Build 19041 (10.0.19041.1503)
Time: Sat Feb 12 17:50:46 2022 Central European Standard Time elapsed time: 0.026363 seconds (0d 0h 0m 0s)

---------------  T H R E A D  ---------------

Current thread (0x0000022738913270):  JavaThread "Unknown thread" [_thread_in_vm, id=6772, stack(0x000000e682f00000,0x000000e683000000)]

Stack: [0x000000e682f00000,0x000000e683000000]
Native frames: (J=compiled Java code, j=interpreted, Vv=VM code, C=native code)
V  [jvm.dll+0x670baa]
V  [jvm.dll+0x7cfcb4]
V  [jvm.dll+0x7d145e]
V  [jvm.dll+0x7d1ac3]
V  [jvm.dll+0x242bc5]
V  [jvm.dll+0x66dac9]
V  [jvm.dll+0x662412]
V  [jvm.dll+0x300c0b]
V  [jvm.dll+0x3081a6]
V  [jvm.dll+0x357d0e]
V  [jvm.dll+0x357f3f]
V  [jvm.dll+0x2d7ec8]
V  [jvm.dll+0x2d8e34]
V  [jvm.dll+0x7a18c1]
V  [jvm.dll+0x365a91]
V  [jvm.dll+0x780d2c]
V  [jvm.dll+0x3e845f]
V  [jvm.dll+0x3e9f01]
C  [jli.dll+0x527b]
C  [ucrtbase.dll+0x21bb2]
C  [KERNEL32.DLL+0x17034]
C  [ntdll.dll+0x52651]


---------------  P R O C E S S  ---------------

Threads class SMR info:
_java_thread_list=0x00007ffe8f249858, length=0, elements={
}

Java Threads: ( => current thread )

Other Threads:
  0x0000022738940d50 GCTaskThread "GC Thread#0" [stack: 0x000000e683000000,0x000000e683100000] [id=6524]
  0x0000022738949c90 ConcurrentGCThread "G1 Main Marker" [stack: 0x000000e683100000,0x000000e683200000] [id=652]
  0x000002273894be50 ConcurrentGCThread "G1 Conc#0" [stack: 0x000000e683200000,0x000000e683300000] [id=7156]

[error occurred during error reporting (printing all threads), id 0xc0000005, EXCEPTION_ACCESS_VIOLATION (0xc0000005) at pc=0x00007ffe8ea988a7]

VM state: not at safepoint (not fully initialized)

VM Mutex/Monitor currently owned by a thread:  ([mutex/lock_event])
[0x000002273890f050] Heap_lock - owner thread: 0x0000022738913270

Heap address: 0x00000000c0000000, size: 1024 MB, Compressed Oops mode: 32-bit

CDS archive(s) mapped at: [0x0000000000000000-0x0000000000000000-0x0000000000000000), size 0, SharedBaseAddress: 0x0000000800000000, ArchiveRelocationMode: 0.
Narrow klass base: 0x0000000000000000, Narrow klass shift: 0, Narrow klass range: 0x0

GC Precious Log:
<Empty>

Heap:
 garbage-first heap   total 0K, used 0K [0x00000000c0000000, 0x0000000100000000)
  region size 1024K, 0 young (0K), 0 survivors (0K)

[error occurred during error reporting (printing heap information), id 0xc0000005, EXCEPTION_ACCESS_VIOLATION (0xc0000005) at pc=0x00007ffe8ee79f19]

GC Heap History (0 events):
No events

Deoptimization events (0 events):
No events

Classes unloaded (0 events):
No events

Classes redefined (0 events):
No events

Internal exceptions (0 events):
No events

VM Operations (0 events):
No events

Events (1 events):
Event: 0.015 Loaded shared library C:\Java\jdk-17.0.2\bin\java.dll


Dynamic libraries:
0x00007ff60d920000 - 0x00007ff60d92e000 	C:\Java\jdk-17.0.2\bin\java.exe
0x00007ffeb9950000 - 0x00007ffeb9b45000 	C:\WINDOWS\SYSTEM32\ntdll.dll
0x00007ffeb82b0000 - 0x00007ffeb836e000 	C:\WINDOWS\System32\KERNEL32.DLL
0x00007ffeb7380000 - 0x00007ffeb7648000 	C:\WINDOWS\System32\KERNELBASE.dll
0x00007ffeb70d0000 - 0x00007ffeb71d0000 	C:\WINDOWS\System32\ucrtbase.dll
0x00007ffeb2d20000 - 0x00007ffeb2d38000 	C:\Java\jdk-17.0.2\bin\jli.dll
0x00007ffeb2d00000 - 0x00007ffeb2d1a000 	C:\Java\jdk-17.0.2\bin\VCRUNTIME140.dll
0x00007ffeb8430000 - 0x00007ffeb85d0000 	C:\WINDOWS\System32\USER32.dll
0x00007ffeb7890000 - 0x00007ffeb78b2000 	C:\WINDOWS\System32\win32u.dll
0x00007ffea4c90000 - 0x00007ffea4f2a000 	C:\WINDOWS\WinSxS\amd64_microsoft.windows.common-controls_6595b64144ccf1df_6.0.19041.1110_none_60b5254171f9507e\COMCTL32.dll
0x00007ffeb9220000 - 0x00007ffeb924b000 	C:\WINDOWS\System32\GDI32.dll
0x00007ffeb9870000 - 0x00007ffeb990e000 	C:\WINDOWS\System32\msvcrt.dll
0x00007ffeb7650000 - 0x00007ffeb775d000 	C:\WINDOWS\System32\gdi32full.dll
0x00007ffeb77f0000 - 0x00007ffeb788d000 	C:\WINDOWS\System32\msvcp_win.dll
0x00007ffeb9840000 - 0x00007ffeb9870000 	C:\WINDOWS\System32\IMM32.DLL
0x00007ffeb2ea0000 - 0x00007ffeb2eac000 	C:\Java\jdk-17.0.2\bin\vcruntime140_1.dll
0x00007ffeb2c70000 - 0x00007ffeb2cfd000 	C:\Java\jdk-17.0.2\bin\msvcp140.dll
0x00007ffe8e7b0000 - 0x00007ffe8f371000 	C:\Java\jdk-17.0.2\bin\server\jvm.dll
0x00007ffeb9310000 - 0x00007ffeb93be000 	C:\WINDOWS\System32\ADVAPI32.dll
0x00007ffeb9700000 - 0x00007ffeb979c000 	C:\WINDOWS\System32\sechost.dll
0x00007ffeb95d0000 - 0x00007ffeb96f5000 	C:\WINDOWS\System32\RPCRT4.dll
0x00007ffeb9140000 - 0x00007ffeb9148000 	C:\WINDOWS\System32\PSAPI.DLL
0x00007ffeb2ee0000 - 0x00007ffeb2ee9000 	C:\WINDOWS\SYSTEM32\WSOCK32.dll
0x00007ffeb8900000 - 0x00007ffeb896b000 	C:\WINDOWS\System32\WS2_32.dll
0x00007ffeab6a0000 - 0x00007ffeab6c7000 	C:\WINDOWS\SYSTEM32\WINMM.dll
0x00007ffeb1930000 - 0x00007ffeb193a000 	C:\WINDOWS\SYSTEM32\VERSION.dll
0x00007ffeb4f50000 - 0x00007ffeb4f62000 	C:\WINDOWS\SYSTEM32\kernel.appcore.dll
0x00007ffeb2c60000 - 0x00007ffeb2c6a000 	C:\Java\jdk-17.0.2\bin\jimage.dll
0x00007ffeac4b0000 - 0x00007ffeac694000 	C:\WINDOWS\SYSTEM32\DBGHELP.DLL
0x00007ffeaccc0000 - 0x00007ffeaccec000 	C:\WINDOWS\SYSTEM32\dbgcore.DLL
0x00007ffeb7760000 - 0x00007ffeb77e2000 	C:\WINDOWS\System32\bcryptPrimitives.dll
0x00007ffeb2c50000 - 0x00007ffeb2c5e000 	C:\Java\jdk-17.0.2\bin\instrument.dll
0x00007ffeb2c20000 - 0x00007ffeb2c45000 	C:\Java\jdk-17.0.2\bin\java.dll

dbghelp: loaded successfully - version: 4.0.5 - missing functions: none
symbol engine: initialized successfully - sym options: 0x614 - pdb path: .;C:\Java\jdk-17.0.2\bin;C:\WINDOWS\SYSTEM32;C:\WINDOWS\WinSxS\amd64_microsoft.windows.common-controls_6595b64144ccf1df_6.0.19041.1110_none_60b5254171f9507e;C:\Java\jdk-17.0.2\bin\server

VM Arguments:
jvm_args: -javaagent:C:\Program Files\JetBrains\IntelliJ IDEA Community Edition 2021.3.1\lib\idea_rt.jar=56148:C:\Program Files\JetBrains\IntelliJ IDEA Community Edition 2021.3.1\bin -Dfile.encoding=UTF-8 
java_command: Concatenator
java_class_path (initial): C:\Users\admin\IdeaProjects\Obiektowe\out\production\Obiektowe
Launcher Type: SUN_STANDARD

[Global flags]
     intx CICompilerCount                          = 3                                         {product} {ergonomic}
     uint ConcGCThreads                            = 2                                         {product} {ergonomic}
     uint G1ConcRefinementThreads                  = 6                                         {product} {ergonomic}
   size_t G1HeapRegionSize                         = 1048576                                   {product} {ergonomic}
    uintx GCDrainStackTargetSize                   = 64                                        {product} {ergonomic}
   size_t InitialHeapSize                          = 67108864                                  {product} {ergonomic}
   size_t MarkStackSize                            = 4194304                                   {product} {ergonomic}
   size_t MaxHeapSize                              = 1073741824                                {product} {ergonomic}
   size_t MinHeapDeltaBytes                        = 1048576                                   {product} {ergonomic}
   size_t MinHeapSize                              = 8388608                                   {product} {ergonomic}
    uintx NonNMethodCodeHeapSize                   = 5832780                                {pd product} {ergonomic}
    uintx NonProfiledCodeHeapSize                  = 122912730                              {pd product} {ergonomic}
    uintx ProfiledCodeHeapSize                     = 122912730                              {pd product} {ergonomic}
    uintx ReservedCodeCacheSize                    = 251658240                              {pd product} {ergonomic}
     bool SegmentedCodeCache                       = true                                      {product} {ergonomic}
   size_t SoftMaxHeapSize                          = 1073741824                             {manageable} {ergonomic}
     bool UseCompressedClassPointers               = true                           {product lp64_product} {ergonomic}
     bool UseCompressedOops                        = true                           {product lp64_product} {ergonomic}
     bool UseG1GC                                  = true                                      {product} {ergonomic}
     bool UseLargePagesIndividualAllocation        = false                                  {pd product} {ergonomic}

Logging:
Log output configuration:
 #0: stdout all=warning uptime,level,tags
 #1: stderr all=off uptime,level,tags

Environment Variables:
JAVA_HOME=C:\Java\jdk-17.0.2\
PATH=C:\Program Files (x86)\RSA SecurID Token Common;C:\WINDOWS\system32;C:\WINDOWS;C:\WINDOWS\System32\Wbem;C:\WINDOWS\System32\WindowsPowerShell\v1.0\;C:\WINDOWS\System32\OpenSSH\;C:\Program Files (x86)\Honeywell\Uniformance\Process Studio\Graphics Builder\Graphics Runtime;C:\Program Files\Common Files\Honeywell\Uniformance;C:\Java\jdk-17.0.2\bin;C:\Users\admin\AppData\Local\Microsoft\WindowsApps;;C:\Program Files\JetBrains\IntelliJ IDEA Community Edition 2021.3.1\bin;
USERNAME=admin
OS=Windows_NT
PROCESSOR_IDENTIFIER=Intel64 Family 6 Model 158 Stepping 10, GenuineIntel



---------------  S Y S T E M  ---------------

OS:
 Windows 10 , 64 bit Build 19041 (10.0.19041.1503)
OS uptime: 0 days 3:00 hours

CPU: total 6 (initial active 6) (6 cores per cpu, 1 threads per core) family 6 model 158 stepping 10 microcode 0x0, cx8, cmov, fxsr, mmx, 3dnowpref, sse, sse2, sse3, ssse3, sse4.1, sse4.2, popcnt, lzcnt, tsc, tscinvbit, avx, avx2, aes, clmul, vzeroupper, clflush, clflushopt, hv

Memory: 4k page, system-wide physical 4095M (377M free)
TotalPageFile size 4095M (AvailPageFile size 65M)
current process WorkingSet (physical memory assigned to process): 9M, peak: 9M
current process commit charge ("private bytes"): 55M, peak: 119M

vm_info: OpenJDK 64-Bit Server VM (17.0.2+8-86) for windows-amd64 JRE (17.0.2+8-86), built on Dec  7 2021 21:49:10 by "mach5one" with MS VC++ 16.8 / 16.9 (VS2019)

END.
